<?xml version="1.0" encoding="UTF-8"?>
<!-- Generated by org.testng.reporters.JUnitXMLReporter -->
<testsuite ignored="0" hostname="AWGMRMUMJLT0004" failures="1" tests="1" name="Test" time="31.992" errors="0" timestamp="07 Feb 2023 06:09:08 GMT">
  <testcase classname="testpack.Verifylogoutfunctionality" name="verifylogout" time="0.261">
    <failure type="org.openqa.selenium.support.ui.UnexpectedTagNameException" message="Element should have been &amp;quot;select&amp;quot; but was &amp;quot;li&amp;quot;
Build info: version: &amp;apos;3.141.59&amp;apos;, revision: &amp;apos;e82be7d358&amp;apos;, time: &amp;apos;2018-11-14T08:17:03&amp;apos;
System info: host: &amp;apos;AWGMRMUMJLT0004&amp;apos;, ip: &amp;apos;192.168.90.102&amp;apos;, os.name: &amp;apos;Windows 10&amp;apos;, os.arch: &amp;apos;amd64&amp;apos;, os.version: &amp;apos;10.0&amp;apos;, java.version: &amp;apos;17.0.6&amp;apos;
Driver info: driver.version: unknown">
      <![CDATA[org.openqa.selenium.support.ui.UnexpectedTagNameException: Element should have been "select" but was "li"
Build info: version: '3.141.59', revision: 'e82be7d358', time: '2018-11-14T08:17:03'
System info: host: 'AWGMRMUMJLT0004', ip: '192.168.90.102', os.name: 'Windows 10', os.arch: 'amd64', os.version: '10.0', java.version: '17.0.6'
Driver info: driver.version: unknown
at org.openqa.selenium.support.ui.Select.<init>(Select.java:48)
at pompack.Loginpomclass.clickonsignoutbutton(Loginpomclass.java:70)
at testpack.Verifylogoutfunctionality.verifylogout(Verifylogoutfunctionality.java:19)
... Removed 25 stack frames]]>
    </failure>
  </testcase> <!-- verifylogout -->
</testsuite> <!-- Test -->
