<?xml version="1.0" encoding="UTF-8"?>
<testng-results ignored="0" total="1" passed="1" failed="0" skipped="0">
  <reporter-output>
  </reporter-output>
  <suite started-at="2023-02-08T03:19:54Z" name="Default suite" finished-at="2023-02-08T03:20:31Z" duration-ms="36841">
    <groups>
    </groups>
    <test started-at="2023-02-08T03:19:54Z" name="Default test" finished-at="2023-02-08T03:20:31Z" duration-ms="36841">
      <class name="testpack.TC02_VerifyLogoutFunctionality">
        <test-method is-config="true" signature="SetUp()[pri:0, instance:testpack.TC02_VerifyLogoutFunctionality@3561c410]" started-at="2023-02-08T03:19:54Z" name="SetUp" finished-at="2023-02-08T03:20:29Z" duration-ms="34663" status="PASS">
          <reporter-output>
          </reporter-output>
        </test-method> <!-- SetUp -->
        <test-method signature="verifylogout()[pri:0, instance:testpack.TC02_VerifyLogoutFunctionality@3561c410]" started-at="2023-02-08T03:20:29Z" name="verifylogout" finished-at="2023-02-08T03:20:30Z" duration-ms="1160" status="PASS">
          <reporter-output>
          </reporter-output>
        </test-method> <!-- verifylogout -->
        <test-method is-config="true" signature="tearDown()[pri:0, instance:testpack.TC02_VerifyLogoutFunctionality@3561c410]" started-at="2023-02-08T03:20:30Z" name="tearDown" finished-at="2023-02-08T03:20:31Z" duration-ms="959" status="PASS">
          <reporter-output>
          </reporter-output>
        </test-method> <!-- tearDown -->
      </class> <!-- testpack.TC02_VerifyLogoutFunctionality -->
    </test> <!-- Default test -->
  </suite> <!-- Default suite -->
</testng-results>
